<?xml version="1.0" encoding="UTF-8"?>
<!-- Generated by org.testng.reporters.JUnitXMLReporter -->
<testsuite ignored="2" hostname="PW0A9VLC" failures="0" tests="5" name="Surefire test" time="8.624" errors="0" timestamp="10 Oct 2024 10:33:16 GMT">
  <testcase classname="petRequestTest" name="addPetTest" time="3.076"/>
  <testcase classname="petRequestTest" name="findByIdTest" time="1.387"/>
  <testcase classname="petRequestTest" name="updatePetTest" time="1.383"/>
  <testcase classname="petRequestTest" name="findByStatusTest" time="1.34"/>
  <testcase classname="petRequestTest" name="deletePetTest" time="1.313"/>
  <testcase classname="BaseTest" name="@AfterSuite TearDownSuite" time="0.0">
    <ignored/>
  </testcase> <!-- @AfterSuite TearDownSuite -->
  <testcase classname="BaseTest" name="@BeforeSuite SetUpSuite" time="0.0">
    <ignored/>
  </testcase> <!-- @BeforeSuite SetUpSuite -->
</testsuite> <!-- Surefire test -->
