<?xml version="1.0" encoding="UTF-8"?>
<testng-results ignored="2" total="7" passed="5" failed="0" skipped="0">
  <reporter-output>
  </reporter-output>
  <suite started-at="2024-10-10T10:33:07Z" name="Surefire suite" finished-at="2024-10-10T10:33:16Z" duration-ms="8624">
    <groups>
    </groups>
    <test started-at="2024-10-10T10:33:07Z" name="Surefire test" finished-at="2024-10-10T10:33:16Z" duration-ms="8624">
      <class name="petRequestTest">
        <test-method signature="addPetTest()[pri:1, instance:petRequestTest@1ba9117e]" started-at="2024-10-10T17:33:07Z" name="addPetTest" finished-at="2024-10-10T17:33:10Z" duration-ms="3076" status="PASS">
          <reporter-output>
          </reporter-output>
        </test-method> <!-- addPetTest -->
        <test-method signature="findByIdTest()[pri:2, instance:petRequestTest@1ba9117e]" started-at="2024-10-10T17:33:10Z" name="findByIdTest" finished-at="2024-10-10T17:33:11Z" duration-ms="1387" status="PASS">
          <reporter-output>
          </reporter-output>
        </test-method> <!-- findByIdTest -->
        <test-method signature="updatePetTest()[pri:3, instance:petRequestTest@1ba9117e]" started-at="2024-10-10T17:33:11Z" name="updatePetTest" finished-at="2024-10-10T17:33:13Z" duration-ms="1383" status="PASS">
          <reporter-output>
          </reporter-output>
        </test-method> <!-- updatePetTest -->
        <test-method signature="findByStatusTest()[pri:4, instance:petRequestTest@1ba9117e]" started-at="2024-10-10T17:33:13Z" name="findByStatusTest" finished-at="2024-10-10T17:33:14Z" duration-ms="1340" status="PASS">
          <reporter-output>
          </reporter-output>
        </test-method> <!-- findByStatusTest -->
        <test-method signature="deletePetTest()[pri:5, instance:petRequestTest@1ba9117e]" started-at="2024-10-10T17:33:14Z" name="deletePetTest" finished-at="2024-10-10T17:33:16Z" duration-ms="1313" status="PASS">
          <reporter-output>
          </reporter-output>
        </test-method> <!-- deletePetTest -->
      </class> <!-- petRequestTest -->
      <class name="BaseTest">
        <test-method is-config="true" signature="SetUpSuite()[pri:0, instance:BaseTest@a3d8174]" started-at="2024-10-10T17:33:06Z" name="SetUpSuite" description="Configure URI" finished-at="2024-10-10T17:33:07Z" duration-ms="432" status="PASS">
          <reporter-output>
          </reporter-output>
        </test-method> <!-- SetUpSuite -->
        <test-method is-config="true" signature="TearDownSuite()[pri:0, instance:BaseTest@a3d8174]" started-at="2024-10-10T17:33:16Z" name="TearDownSuite" finished-at="2024-10-10T17:33:16Z" duration-ms="2" status="PASS">
          <reporter-output>
          </reporter-output>
        </test-method> <!-- TearDownSuite -->
      </class> <!-- BaseTest -->
    </test> <!-- Surefire test -->
  </suite> <!-- Surefire suite -->
</testng-results>
